# JRE version: OpenJDK Runtime Environment Corretto-17.0.8.8.1 (17.0.8.1+8) (build 17.0.8.1+8-LTS)
# Java VM: OpenJDK 64-Bit Server VM Corretto-17.0.8.8.1 (17.0.8.1+8-LTS, mixed mode, sharing, tiered, compressed oops, compressed class ptrs, g1 gc, windows-amd64)
GC Precious Log:
 CPUs: 12 total, 12 available
 Memory: 16336M
 Large Page Support: Disabled
 NUMA Support: Disabled
 Compressed Oops: Enabled (Zero based)
 Heap Region Size: 2M
 Heap Min Capacity: 8M
 Heap Initial Capacity: 256M
 Heap Max Capacity: 4086M
 Pre-touch: Disabled
 Parallel Workers: 10
 Concurrent Workers: 3
 Concurrent Refinement Workers: 10
 Periodic GC: Disabled
Heap:
 garbage-first heap   total 192512K, used 138897K [0x0000000700a00000, 0x0000000800000000)
  region size 2048K, 48 young (98304K), 5 survivors (10240K)
 Metaspace       used 35412K, committed 35840K, reserved 1114112K
  class space    used 3770K, committed 3968K, reserved 1048576K
GC Heap History (20 events):
Event: 3.412 GC heap before
{Heap before GC invocations=6 (full 0):
 garbage-first heap   total 55296K, used 37042K [0x0000000700a00000, 0x0000000800000000)
  region size 2048K, 9 young (18432K), 1 survivors (2048K)
 Metaspace       used 24014K, committed 24320K, reserved 1114112K
  class space    used 2679K, committed 2816K, reserved 1048576K
}
Event: 3.419 GC heap after
{Heap after GC invocations=7 (full 0):
 garbage-first heap   total 55296K, used 24576K [0x0000000700a00000, 0x0000000800000000)
  region size 2048K, 2 young (4096K), 2 survivors (4096K)
 Metaspace       used 24014K, committed 24320K, reserved 1114112K
  class space    used 2679K, committed 2816K, reserved 1048576K
}
Event: 3.728 GC heap before
{Heap before GC invocations=7 (full 0):
 garbage-first heap   total 55296K, used 36864K [0x0000000700a00000, 0x0000000800000000)
  region size 2048K, 9 young (18432K), 2 survivors (4096K)
 Metaspace       used 24907K, committed 25216K, reserved 1114112K
  class space    used 2771K, committed 2880K, reserved 1048576K
}
Event: 3.735 GC heap after
{Heap after GC invocations=8 (full 0):
 garbage-first heap   total 159744K, used 25691K [0x0000000700a00000, 0x0000000800000000)
  region size 2048K, 1 young (2048K), 1 survivors (2048K)
 Metaspace       used 24907K, committed 25216K, reserved 1114112K
  class space    used 2771K, committed 2880K, reserved 1048576K
}
Event: 4.509 GC heap before
{Heap before GC invocations=8 (full 0):
 garbage-first heap   total 159744K, used 107611K [0x0000000700a00000, 0x0000000800000000)
  region size 2048K, 41 young (83968K), 1 survivors (2048K)
 Metaspace       used 26445K, committed 26752K, reserved 1114112K
  class space    used 2931K, committed 3072K, reserved 1048576K
}
Event: 4.513 GC heap after
{Heap after GC invocations=9 (full 0):
 garbage-first heap   total 159744K, used 26098K [0x0000000700a00000, 0x0000000800000000)
  region size 2048K, 1 young (2048K), 1 survivors (2048K)
 Metaspace       used 26445K, committed 26752K, reserved 1114112K
  class space    used 2931K, committed 3072K, reserved 1048576K
}
Event: 5.615 GC heap before
{Heap before GC invocations=9 (full 0):
 garbage-first heap   total 159744K, used 112114K [0x0000000700a00000, 0x0000000800000000)
  region size 2048K, 43 young (88064K), 1 survivors (2048K)
 Metaspace       used 29234K, committed 29632K, reserved 1114112K
  class space    used 3203K, committed 3392K, reserved 1048576K
}
Event: 5.624 GC heap after
{Heap after GC invocations=10 (full 0):
 garbage-first heap   total 159744K, used 28939K [0x0000000700a00000, 0x0000000800000000)
  region size 2048K, 3 young (6144K), 3 survivors (6144K)
 Metaspace       used 29234K, committed 29632K, reserved 1114112K
  class space    used 3203K, committed 3392K, reserved 1048576K
}
Event: 7.135 GC heap before
{Heap before GC invocations=10 (full 0):
 garbage-first heap   total 159744K, used 119051K [0x0000000700a00000, 0x0000000800000000)
  region size 2048K, 46 young (94208K), 3 survivors (6144K)
 Metaspace       used 30806K, committed 31104K, reserved 1114112K
  class space    used 3368K, committed 3520K, reserved 1048576K
}
Event: 7.161 GC heap after
{Heap after GC invocations=11 (full 0):
 garbage-first heap   total 159744K, used 43583K [0x0000000700a00000, 0x0000000800000000)
  region size 2048K, 6 young (12288K), 6 survivors (12288K)
 Metaspace       used 30806K, committed 31104K, reserved 1114112K
  class space    used 3368K, committed 3520K, reserved 1048576K
}
Event: 8.152 GC heap before
{Heap before GC invocations=11 (full 0):
 garbage-first heap   total 159744K, used 115263K [0x0000000700a00000, 0x0000000800000000)
  region size 2048K, 41 young (83968K), 6 survivors (12288K)
 Metaspace       used 32217K, committed 32576K, reserved 1114112K
  class space    used 3522K, committed 3712K, reserved 1048576K
}
Event: 8.167 GC heap after
{Heap after GC invocations=12 (full 0):
 garbage-first heap   total 159744K, used 47930K [0x0000000700a00000, 0x0000000800000000)
  region size 2048K, 2 young (4096K), 2 survivors (4096K)
 Metaspace       used 32217K, committed 32576K, reserved 1114112K
  class space    used 3522K, committed 3712K, reserved 1048576K
}
Event: 8.435 GC heap before
{Heap before GC invocations=12 (full 0):
 garbage-first heap   total 159744K, used 119610K [0x0000000700a00000, 0x0000000800000000)
  region size 2048K, 37 young (75776K), 2 survivors (4096K)
 Metaspace       used 32480K, committed 32960K, reserved 1114112K
  class space    used 3558K, committed 3776K, reserved 1048576K
}
Event: 8.441 GC heap after
{Heap after GC invocations=13 (full 0):
 garbage-first heap   total 159744K, used 47582K [0x0000000700a00000, 0x0000000800000000)
  region size 2048K, 2 young (4096K), 2 survivors (4096K)
 Metaspace       used 32480K, committed 32960K, reserved 1114112K
  class space    used 3558K, committed 3776K, reserved 1048576K
}
Event: 8.617 GC heap before
{Heap before GC invocations=13 (full 0):
 garbage-first heap   total 159744K, used 123358K [0x0000000700a00000, 0x0000000800000000)
  region size 2048K, 39 young (79872K), 2 survivors (4096K)
 Metaspace       used 32532K, committed 32960K, reserved 1114112K
  class space    used 3558K, committed 3776K, reserved 1048576K
}
Event: 8.623 GC heap after
{Heap after GC invocations=14 (full 0):
 garbage-first heap   total 192512K, used 47948K [0x0000000700a00000, 0x0000000800000000)
  region size 2048K, 2 young (4096K), 2 survivors (4096K)
 Metaspace       used 32532K, committed 32960K, reserved 1114112K
  class space    used 3558K, committed 3776K, reserved 1048576K
}
Event: 9.003 GC heap before
{Heap before GC invocations=14 (full 0):
 garbage-first heap   total 192512K, used 150348K [0x0000000700a00000, 0x0000000800000000)
  region size 2048K, 52 young (106496K), 2 survivors (4096K)
 Metaspace       used 32597K, committed 33024K, reserved 1114112K
  class space    used 3561K, committed 3776K, reserved 1048576K
}
Event: 9.008 GC heap after
{Heap after GC invocations=15 (full 0):
 garbage-first heap   total 192512K, used 48817K [0x0000000700a00000, 0x0000000800000000)
  region size 2048K, 3 young (6144K), 3 survivors (6144K)
 Metaspace       used 32597K, committed 33024K, reserved 1114112K
  class space    used 3561K, committed 3776K, reserved 1048576K
}
Event: 10.554 GC heap before
{Heap before GC invocations=15 (full 0):
 garbage-first heap   total 192512K, used 151217K [0x0000000700a00000, 0x0000000800000000)
  region size 2048K, 54 young (110592K), 3 survivors (6144K)
 Metaspace       used 34090K, committed 34496K, reserved 1114112K
  class space    used 3649K, committed 3840K, reserved 1048576K
}
Event: 10.564 GC heap after
{Heap after GC invocations=16 (full 0):
 garbage-first heap   total 192512K, used 52881K [0x0000000700a00000, 0x0000000800000000)
  region size 2048K, 5 young (10240K), 5 survivors (10240K)
 Metaspace       used 34090K, committed 34496K, reserved 1114112K
  class space    used 3649K, committed 3840K, reserved 1048576K
}

